2021-11-03 10:40:47,945 - CPUUtilization.Percent:0.0|#Level:Host|#hostname:gserver,timestamp:1635907247
2021-11-03 10:40:47,946 - DiskAvailable.Gigabytes:174.8712272644043|#Level:Host|#hostname:gserver,timestamp:1635907247
2021-11-03 10:40:47,946 - DiskUsage.Gigabytes:142.8545150756836|#Level:Host|#hostname:gserver,timestamp:1635907247
2021-11-03 10:40:47,947 - DiskUtilization.Percent:45.0|#Level:Host|#hostname:gserver,timestamp:1635907247
2021-11-03 10:40:47,947 - MemoryAvailable.Megabytes:240699.5703125|#Level:Host|#hostname:gserver,timestamp:1635907247
2021-11-03 10:40:47,947 - MemoryUsed.Megabytes:15344.1328125|#Level:Host|#hostname:gserver,timestamp:1635907247
2021-11-03 10:40:47,948 - MemoryUtilization.Percent:6.7|#Level:Host|#hostname:gserver,timestamp:1635907247
2021-11-03 10:40:55,499 - W-9003-en2sql_1.0.ms:8220|#Level:Host|#hostname:gserver,timestamp:1635907255
2021-11-03 10:40:55,500 - WorkerThreadTime.ms:42|#Level:Host|#hostname:gserver,timestamp:null
2021-11-03 10:40:58,042 - W-9001-en2sql_1.0.ms:10763|#Level:Host|#hostname:gserver,timestamp:1635907258
2021-11-03 10:40:58,042 - WorkerThreadTime.ms:26|#Level:Host|#hostname:gserver,timestamp:null
2021-11-03 10:40:59,572 - W-9012-en2sql_1.0.ms:12290|#Level:Host|#hostname:gserver,timestamp:1635907259
2021-11-03 10:40:59,572 - WorkerThreadTime.ms:27|#Level:Host|#hostname:gserver,timestamp:null
2021-11-03 10:40:59,744 - W-9006-en2sql_1.0.ms:12464|#Level:Host|#hostname:gserver,timestamp:1635907259
2021-11-03 10:40:59,744 - WorkerThreadTime.ms:24|#Level:Host|#hostname:gserver,timestamp:null
2021-11-03 10:40:59,763 - W-9015-en2sql_1.0.ms:12480|#Level:Host|#hostname:gserver,timestamp:1635907259
2021-11-03 10:40:59,763 - WorkerThreadTime.ms:25|#Level:Host|#hostname:gserver,timestamp:null
2021-11-03 10:41:00,042 - W-9007-en2sql_1.0.ms:12762|#Level:Host|#hostname:gserver,timestamp:1635907260
2021-11-03 10:41:00,042 - WorkerThreadTime.ms:25|#Level:Host|#hostname:gserver,timestamp:null
2021-11-03 10:41:00,080 - W-9004-en2sql_1.0.ms:12801|#Level:Host|#hostname:gserver,timestamp:1635907260
2021-11-03 10:41:00,080 - WorkerThreadTime.ms:24|#Level:Host|#hostname:gserver,timestamp:null
2021-11-03 10:41:01,722 - W-9009-en2sql_1.0.ms:14441|#Level:Host|#hostname:gserver,timestamp:1635907261
2021-11-03 10:41:01,722 - WorkerThreadTime.ms:26|#Level:Host|#hostname:gserver,timestamp:null
2021-11-03 10:41:02,018 - W-9008-en2sql_1.0.ms:14738|#Level:Host|#hostname:gserver,timestamp:1635907262
2021-11-03 10:41:02,018 - WorkerThreadTime.ms:19|#Level:Host|#hostname:gserver,timestamp:null
2021-11-03 10:41:02,337 - W-9000-en2sql_1.0.ms:15061|#Level:Host|#hostname:gserver,timestamp:1635907262
2021-11-03 10:41:02,338 - WorkerThreadTime.ms:37|#Level:Host|#hostname:gserver,timestamp:null
2021-11-03 10:41:03,143 - W-9005-en2sql_1.0.ms:15863|#Level:Host|#hostname:gserver,timestamp:1635907263
2021-11-03 10:41:03,143 - WorkerThreadTime.ms:40|#Level:Host|#hostname:gserver,timestamp:null
2021-11-03 10:41:03,657 - W-9014-en2sql_1.0.ms:16374|#Level:Host|#hostname:gserver,timestamp:1635907263
2021-11-03 10:41:03,657 - WorkerThreadTime.ms:28|#Level:Host|#hostname:gserver,timestamp:null
2021-11-03 10:41:03,875 - W-9010-en2sql_1.0.ms:16594|#Level:Host|#hostname:gserver,timestamp:1635907263
2021-11-03 10:41:03,875 - WorkerThreadTime.ms:40|#Level:Host|#hostname:gserver,timestamp:null
2021-11-03 10:41:03,898 - W-9011-en2sql_1.0.ms:16617|#Level:Host|#hostname:gserver,timestamp:1635907263
2021-11-03 10:41:03,898 - WorkerThreadTime.ms:25|#Level:Host|#hostname:gserver,timestamp:null
2021-11-03 10:41:03,987 - W-9013-en2sql_1.0.ms:16705|#Level:Host|#hostname:gserver,timestamp:1635907263
2021-11-03 10:41:03,987 - WorkerThreadTime.ms:24|#Level:Host|#hostname:gserver,timestamp:null
2021-11-03 10:41:04,060 - W-9002-en2sql_1.0.ms:16781|#Level:Host|#hostname:gserver,timestamp:1635907264
2021-11-03 10:41:04,060 - WorkerThreadTime.ms:20|#Level:Host|#hostname:gserver,timestamp:null
2021-11-03 10:41:47,910 - CPUUtilization.Percent:0.0|#Level:Host|#hostname:gserver,timestamp:1635907307
2021-11-03 10:41:47,911 - DiskAvailable.Gigabytes:174.87099838256836|#Level:Host|#hostname:gserver,timestamp:1635907307
2021-11-03 10:41:47,911 - DiskUsage.Gigabytes:142.85474395751953|#Level:Host|#hostname:gserver,timestamp:1635907307
2021-11-03 10:41:47,911 - DiskUtilization.Percent:45.0|#Level:Host|#hostname:gserver,timestamp:1635907307
2021-11-03 10:41:47,911 - MemoryAvailable.Megabytes:217721.79296875|#Level:Host|#hostname:gserver,timestamp:1635907307
2021-11-03 10:41:47,911 - MemoryUsed.Megabytes:38316.890625|#Level:Host|#hostname:gserver,timestamp:1635907307
2021-11-03 10:41:47,911 - MemoryUtilization.Percent:15.6|#Level:Host|#hostname:gserver,timestamp:1635907307
2021-11-03 10:41:49,269 - Requests2XX.Count:1|#Level:Host|#hostname:gserver,timestamp:null
2021-11-03 10:41:49,269 - QueueTime.ms:0|#Level:Host|#hostname:gserver,timestamp:null
2021-11-03 10:41:49,269 - WorkerThreadTime.ms:3|#Level:Host|#hostname:gserver,timestamp:null
2021-11-03 10:42:06,330 - Requests2XX.Count:1|#Level:Host|#hostname:gserver,timestamp:null
2021-11-03 10:42:06,330 - QueueTime.ms:0|#Level:Host|#hostname:gserver,timestamp:null
2021-11-03 10:42:06,330 - WorkerThreadTime.ms:3|#Level:Host|#hostname:gserver,timestamp:null
2021-11-03 10:42:47,909 - CPUUtilization.Percent:0.0|#Level:Host|#hostname:gserver,timestamp:1635907367
2021-11-03 10:42:47,909 - DiskAvailable.Gigabytes:174.8709945678711|#Level:Host|#hostname:gserver,timestamp:1635907367
2021-11-03 10:42:47,909 - DiskUsage.Gigabytes:142.8547477722168|#Level:Host|#hostname:gserver,timestamp:1635907367
2021-11-03 10:42:47,909 - DiskUtilization.Percent:45.0|#Level:Host|#hostname:gserver,timestamp:1635907367
2021-11-03 10:42:47,910 - MemoryAvailable.Megabytes:217685.90234375|#Level:Host|#hostname:gserver,timestamp:1635907367
2021-11-03 10:42:47,910 - MemoryUsed.Megabytes:38352.77734375|#Level:Host|#hostname:gserver,timestamp:1635907367
2021-11-03 10:42:47,910 - MemoryUtilization.Percent:15.6|#Level:Host|#hostname:gserver,timestamp:1635907367
2021-11-03 10:43:47,903 - CPUUtilization.Percent:0.0|#Level:Host|#hostname:gserver,timestamp:1635907427
2021-11-03 10:43:47,903 - DiskAvailable.Gigabytes:174.8709945678711|#Level:Host|#hostname:gserver,timestamp:1635907427
2021-11-03 10:43:47,903 - DiskUsage.Gigabytes:142.8547477722168|#Level:Host|#hostname:gserver,timestamp:1635907427
2021-11-03 10:43:47,903 - DiskUtilization.Percent:45.0|#Level:Host|#hostname:gserver,timestamp:1635907427
2021-11-03 10:43:47,904 - MemoryAvailable.Megabytes:217691.98046875|#Level:Host|#hostname:gserver,timestamp:1635907427
2021-11-03 10:43:47,904 - MemoryUsed.Megabytes:38346.70703125|#Level:Host|#hostname:gserver,timestamp:1635907427
2021-11-03 10:43:47,904 - MemoryUtilization.Percent:15.6|#Level:Host|#hostname:gserver,timestamp:1635907427
2021-11-03 10:44:47,908 - CPUUtilization.Percent:0.0|#Level:Host|#hostname:gserver,timestamp:1635907487
2021-11-03 10:44:47,909 - DiskAvailable.Gigabytes:174.8709945678711|#Level:Host|#hostname:gserver,timestamp:1635907487
2021-11-03 10:44:47,909 - DiskUsage.Gigabytes:142.8547477722168|#Level:Host|#hostname:gserver,timestamp:1635907487
2021-11-03 10:44:47,909 - DiskUtilization.Percent:45.0|#Level:Host|#hostname:gserver,timestamp:1635907487
2021-11-03 10:44:47,909 - MemoryAvailable.Megabytes:217691.3359375|#Level:Host|#hostname:gserver,timestamp:1635907487
2021-11-03 10:44:47,909 - MemoryUsed.Megabytes:38347.34765625|#Level:Host|#hostname:gserver,timestamp:1635907487
2021-11-03 10:44:47,909 - MemoryUtilization.Percent:15.6|#Level:Host|#hostname:gserver,timestamp:1635907487
2021-11-03 10:45:47,909 - CPUUtilization.Percent:0.0|#Level:Host|#hostname:gserver,timestamp:1635907547
2021-11-03 10:45:47,909 - DiskAvailable.Gigabytes:174.87099075317383|#Level:Host|#hostname:gserver,timestamp:1635907547
2021-11-03 10:45:47,910 - DiskUsage.Gigabytes:142.85475158691406|#Level:Host|#hostname:gserver,timestamp:1635907547
2021-11-03 10:45:47,910 - DiskUtilization.Percent:45.0|#Level:Host|#hostname:gserver,timestamp:1635907547
2021-11-03 10:45:47,910 - MemoryAvailable.Megabytes:217693.1953125|#Level:Host|#hostname:gserver,timestamp:1635907547
2021-11-03 10:45:47,910 - MemoryUsed.Megabytes:38345.484375|#Level:Host|#hostname:gserver,timestamp:1635907547
2021-11-03 10:45:47,910 - MemoryUtilization.Percent:15.6|#Level:Host|#hostname:gserver,timestamp:1635907547
2021-11-03 11:14:13,468 - CPUUtilization.Percent:0.0|#Level:Host|#hostname:gserver,timestamp:1635909253
2021-11-03 11:14:13,470 - DiskAvailable.Gigabytes:174.87053298950195|#Level:Host|#hostname:gserver,timestamp:1635909253
2021-11-03 11:14:13,470 - DiskUsage.Gigabytes:142.85520935058594|#Level:Host|#hostname:gserver,timestamp:1635909253
2021-11-03 11:14:13,470 - DiskUtilization.Percent:45.0|#Level:Host|#hostname:gserver,timestamp:1635909253
2021-11-03 11:14:13,471 - MemoryAvailable.Megabytes:238283.19921875|#Level:Host|#hostname:gserver,timestamp:1635909253
2021-11-03 11:14:13,471 - MemoryUsed.Megabytes:17752.0859375|#Level:Host|#hostname:gserver,timestamp:1635909253
2021-11-03 11:14:13,472 - MemoryUtilization.Percent:7.6|#Level:Host|#hostname:gserver,timestamp:1635909253
2021-11-03 11:14:23,043 - W-9003-en2sql_1.0.ms:10111|#Level:Host|#hostname:gserver,timestamp:1635909263
2021-11-03 11:14:23,044 - WorkerThreadTime.ms:24|#Level:Host|#hostname:gserver,timestamp:null
2021-11-03 11:14:23,159 - W-9004-en2sql_1.0.ms:10226|#Level:Host|#hostname:gserver,timestamp:1635909263
2021-11-03 11:14:23,162 - WorkerThreadTime.ms:29|#Level:Host|#hostname:gserver,timestamp:null
2021-11-03 11:14:24,978 - W-9011-en2sql_1.0.ms:12044|#Level:Host|#hostname:gserver,timestamp:1635909264
2021-11-03 11:14:24,978 - WorkerThreadTime.ms:24|#Level:Host|#hostname:gserver,timestamp:null
2021-11-03 11:14:25,408 - W-9010-en2sql_1.0.ms:12474|#Level:Host|#hostname:gserver,timestamp:1635909265
2021-11-03 11:14:25,408 - WorkerThreadTime.ms:26|#Level:Host|#hostname:gserver,timestamp:null
2021-11-03 11:14:25,611 - W-9006-en2sql_1.0.ms:12678|#Level:Host|#hostname:gserver,timestamp:1635909265
2021-11-03 11:14:25,611 - WorkerThreadTime.ms:21|#Level:Host|#hostname:gserver,timestamp:null
2021-11-03 11:14:27,423 - W-9014-en2sql_1.0.ms:14487|#Level:Host|#hostname:gserver,timestamp:1635909267
2021-11-03 11:14:27,423 - WorkerThreadTime.ms:41|#Level:Host|#hostname:gserver,timestamp:null
2021-11-03 11:14:27,615 - W-9012-en2sql_1.0.ms:14680|#Level:Host|#hostname:gserver,timestamp:1635909267
2021-11-03 11:14:27,616 - WorkerThreadTime.ms:23|#Level:Host|#hostname:gserver,timestamp:null
2021-11-03 11:14:27,655 - W-9015-en2sql_1.0.ms:14719|#Level:Host|#hostname:gserver,timestamp:1635909267
2021-11-03 11:14:27,655 - WorkerThreadTime.ms:24|#Level:Host|#hostname:gserver,timestamp:null
2021-11-03 11:14:27,679 - W-9007-en2sql_1.0.ms:14745|#Level:Host|#hostname:gserver,timestamp:1635909267
2021-11-03 11:14:27,680 - WorkerThreadTime.ms:27|#Level:Host|#hostname:gserver,timestamp:null
2021-11-03 11:14:27,784 - W-9000-en2sql_1.0.ms:14854|#Level:Host|#hostname:gserver,timestamp:1635909267
2021-11-03 11:14:27,784 - WorkerThreadTime.ms:26|#Level:Host|#hostname:gserver,timestamp:null
2021-11-03 11:14:27,834 - W-9002-en2sql_1.0.ms:14902|#Level:Host|#hostname:gserver,timestamp:1635909267
2021-11-03 11:14:27,834 - WorkerThreadTime.ms:27|#Level:Host|#hostname:gserver,timestamp:null
2021-11-03 11:14:27,921 - W-9001-en2sql_1.0.ms:14989|#Level:Host|#hostname:gserver,timestamp:1635909267
2021-11-03 11:14:27,921 - WorkerThreadTime.ms:27|#Level:Host|#hostname:gserver,timestamp:null
2021-11-03 11:14:27,947 - W-9005-en2sql_1.0.ms:15014|#Level:Host|#hostname:gserver,timestamp:1635909267
2021-11-03 11:14:27,947 - WorkerThreadTime.ms:24|#Level:Host|#hostname:gserver,timestamp:null
2021-11-03 11:14:28,048 - W-9008-en2sql_1.0.ms:15114|#Level:Host|#hostname:gserver,timestamp:1635909268
2021-11-03 11:14:28,049 - WorkerThreadTime.ms:22|#Level:Host|#hostname:gserver,timestamp:null
2021-11-03 11:14:28,051 - W-9009-en2sql_1.0.ms:15117|#Level:Host|#hostname:gserver,timestamp:1635909268
2021-11-03 11:14:28,051 - WorkerThreadTime.ms:26|#Level:Host|#hostname:gserver,timestamp:null
2021-11-03 11:14:28,115 - W-9013-en2sql_1.0.ms:15180|#Level:Host|#hostname:gserver,timestamp:1635909268
2021-11-03 11:14:28,115 - WorkerThreadTime.ms:26|#Level:Host|#hostname:gserver,timestamp:null
2021-11-03 11:14:33,844 - Requests5XX.Count:1|#Level:Host|#hostname:gserver,timestamp:null
2021-11-03 11:14:33,845 - WorkerThreadTime.ms:6|#Level:Host|#hostname:gserver,timestamp:null
2021-11-03 11:14:34,655 - Requests5XX.Count:1|#Level:Host|#hostname:gserver,timestamp:null
2021-11-03 11:14:34,656 - WorkerThreadTime.ms:4|#Level:Host|#hostname:gserver,timestamp:null
2021-11-03 11:15:13,451 - CPUUtilization.Percent:0.0|#Level:Host|#hostname:gserver,timestamp:1635909313
2021-11-03 11:15:13,452 - DiskAvailable.Gigabytes:174.87049865722656|#Level:Host|#hostname:gserver,timestamp:1635909313
2021-11-03 11:15:13,452 - DiskUsage.Gigabytes:142.85524368286133|#Level:Host|#hostname:gserver,timestamp:1635909313
2021-11-03 11:15:13,452 - DiskUtilization.Percent:45.0|#Level:Host|#hostname:gserver,timestamp:1635909313
2021-11-03 11:15:13,452 - MemoryAvailable.Megabytes:214595.51171875|#Level:Host|#hostname:gserver,timestamp:1635909313
2021-11-03 11:15:13,452 - MemoryUsed.Megabytes:41439.17578125|#Level:Host|#hostname:gserver,timestamp:1635909313
2021-11-03 11:15:13,453 - MemoryUtilization.Percent:16.8|#Level:Host|#hostname:gserver,timestamp:1635909313
2021-11-03 11:18:04,997 - CPUUtilization.Percent:0.0|#Level:Host|#hostname:gserver,timestamp:1635909484
2021-11-03 11:18:04,999 - DiskAvailable.Gigabytes:174.8704376220703|#Level:Host|#hostname:gserver,timestamp:1635909484
2021-11-03 11:18:05,000 - DiskUsage.Gigabytes:142.85530471801758|#Level:Host|#hostname:gserver,timestamp:1635909484
2021-11-03 11:18:05,000 - DiskUtilization.Percent:45.0|#Level:Host|#hostname:gserver,timestamp:1635909484
2021-11-03 11:18:05,001 - MemoryAvailable.Megabytes:237780.80078125|#Level:Host|#hostname:gserver,timestamp:1635909484
2021-11-03 11:18:05,002 - MemoryUsed.Megabytes:18255.09765625|#Level:Host|#hostname:gserver,timestamp:1635909484
2021-11-03 11:18:05,002 - MemoryUtilization.Percent:7.8|#Level:Host|#hostname:gserver,timestamp:1635909484
2021-11-03 11:18:15,569 - W-9002-en2sql_1.0.ms:11230|#Level:Host|#hostname:gserver,timestamp:1635909495
2021-11-03 11:18:15,574 - WorkerThreadTime.ms:40|#Level:Host|#hostname:gserver,timestamp:null
2021-11-03 11:18:15,797 - W-9010-en2sql_1.0.ms:11455|#Level:Host|#hostname:gserver,timestamp:1635909495
2021-11-03 11:18:15,797 - WorkerThreadTime.ms:24|#Level:Host|#hostname:gserver,timestamp:null
2021-11-03 11:18:16,234 - W-9003-en2sql_1.0.ms:11895|#Level:Host|#hostname:gserver,timestamp:1635909496
2021-11-03 11:18:16,234 - WorkerThreadTime.ms:47|#Level:Host|#hostname:gserver,timestamp:null
2021-11-03 11:18:17,700 - W-9013-en2sql_1.0.ms:13358|#Level:Host|#hostname:gserver,timestamp:1635909497
2021-11-03 11:18:17,700 - WorkerThreadTime.ms:45|#Level:Host|#hostname:gserver,timestamp:null
2021-11-03 11:18:17,860 - W-9014-en2sql_1.0.ms:13517|#Level:Host|#hostname:gserver,timestamp:1635909497
2021-11-03 11:18:17,860 - WorkerThreadTime.ms:23|#Level:Host|#hostname:gserver,timestamp:null
2021-11-03 11:18:17,912 - W-9006-en2sql_1.0.ms:13572|#Level:Host|#hostname:gserver,timestamp:1635909497
2021-11-03 11:18:17,913 - WorkerThreadTime.ms:46|#Level:Host|#hostname:gserver,timestamp:null
2021-11-03 11:18:18,048 - W-9008-en2sql_1.0.ms:13707|#Level:Host|#hostname:gserver,timestamp:1635909498
2021-11-03 11:18:18,048 - WorkerThreadTime.ms:22|#Level:Host|#hostname:gserver,timestamp:null
2021-11-03 11:18:18,077 - W-9012-en2sql_1.0.ms:13735|#Level:Host|#hostname:gserver,timestamp:1635909498
2021-11-03 11:18:18,077 - WorkerThreadTime.ms:22|#Level:Host|#hostname:gserver,timestamp:null
2021-11-03 11:18:18,470 - W-9005-en2sql_1.0.ms:14130|#Level:Host|#hostname:gserver,timestamp:1635909498
2021-11-03 11:18:18,470 - WorkerThreadTime.ms:28|#Level:Host|#hostname:gserver,timestamp:null
2021-11-03 11:18:18,542 - W-9001-en2sql_1.0.ms:14203|#Level:Host|#hostname:gserver,timestamp:1635909498
2021-11-03 11:18:18,542 - WorkerThreadTime.ms:24|#Level:Host|#hostname:gserver,timestamp:null
2021-11-03 11:18:18,601 - W-9011-en2sql_1.0.ms:14259|#Level:Host|#hostname:gserver,timestamp:1635909498
2021-11-03 11:18:18,601 - WorkerThreadTime.ms:24|#Level:Host|#hostname:gserver,timestamp:null
2021-11-03 11:18:18,651 - W-9009-en2sql_1.0.ms:14310|#Level:Host|#hostname:gserver,timestamp:1635909498
2021-11-03 11:18:18,651 - WorkerThreadTime.ms:25|#Level:Host|#hostname:gserver,timestamp:null
2021-11-03 11:18:18,654 - W-9007-en2sql_1.0.ms:14313|#Level:Host|#hostname:gserver,timestamp:1635909498
2021-11-03 11:18:18,654 - WorkerThreadTime.ms:24|#Level:Host|#hostname:gserver,timestamp:null
2021-11-03 11:18:18,733 - W-9015-en2sql_1.0.ms:14390|#Level:Host|#hostname:gserver,timestamp:1635909498
2021-11-03 11:18:18,733 - WorkerThreadTime.ms:24|#Level:Host|#hostname:gserver,timestamp:null
2021-11-03 11:18:18,796 - W-9004-en2sql_1.0.ms:14456|#Level:Host|#hostname:gserver,timestamp:1635909498
2021-11-03 11:18:18,796 - WorkerThreadTime.ms:22|#Level:Host|#hostname:gserver,timestamp:null
2021-11-03 11:18:18,809 - W-9000-en2sql_1.0.ms:14472|#Level:Host|#hostname:gserver,timestamp:1635909498
2021-11-03 11:18:18,809 - WorkerThreadTime.ms:28|#Level:Host|#hostname:gserver,timestamp:null
2021-11-03 11:18:46,398 - Requests5XX.Count:1|#Level:Host|#hostname:gserver,timestamp:null
2021-11-03 11:18:46,398 - WorkerThreadTime.ms:6|#Level:Host|#hostname:gserver,timestamp:null
2021-11-03 11:18:49,761 - Requests5XX.Count:1|#Level:Host|#hostname:gserver,timestamp:null
2021-11-03 11:18:49,762 - WorkerThreadTime.ms:3|#Level:Host|#hostname:gserver,timestamp:null
2021-11-03 11:18:55,323 - Requests5XX.Count:1|#Level:Host|#hostname:gserver,timestamp:null
2021-11-03 11:18:55,324 - WorkerThreadTime.ms:2|#Level:Host|#hostname:gserver,timestamp:null
2021-11-03 11:19:04,091 - Requests5XX.Count:1|#Level:Host|#hostname:gserver,timestamp:null
2021-11-03 11:19:04,091 - WorkerThreadTime.ms:1|#Level:Host|#hostname:gserver,timestamp:null
2021-11-03 11:19:04,977 - CPUUtilization.Percent:0.0|#Level:Host|#hostname:gserver,timestamp:1635909544
2021-11-03 11:19:04,977 - DiskAvailable.Gigabytes:174.87020111083984|#Level:Host|#hostname:gserver,timestamp:1635909544
2021-11-03 11:19:04,977 - DiskUsage.Gigabytes:142.85554122924805|#Level:Host|#hostname:gserver,timestamp:1635909544
2021-11-03 11:19:04,977 - DiskUtilization.Percent:45.0|#Level:Host|#hostname:gserver,timestamp:1635909544
2021-11-03 11:19:04,978 - MemoryAvailable.Megabytes:214548.36328125|#Level:Host|#hostname:gserver,timestamp:1635909544
2021-11-03 11:19:04,978 - MemoryUsed.Megabytes:41486.32421875|#Level:Host|#hostname:gserver,timestamp:1635909544
2021-11-03 11:19:04,978 - MemoryUtilization.Percent:16.8|#Level:Host|#hostname:gserver,timestamp:1635909544
2021-11-03 11:19:14,542 - Requests5XX.Count:1|#Level:Host|#hostname:gserver,timestamp:null
2021-11-03 11:19:14,542 - WorkerThreadTime.ms:2|#Level:Host|#hostname:gserver,timestamp:null
2021-11-03 11:20:04,984 - CPUUtilization.Percent:0.0|#Level:Host|#hostname:gserver,timestamp:1635909604
2021-11-03 11:20:04,984 - DiskAvailable.Gigabytes:174.87017440795898|#Level:Host|#hostname:gserver,timestamp:1635909604
2021-11-03 11:20:04,984 - DiskUsage.Gigabytes:142.8555679321289|#Level:Host|#hostname:gserver,timestamp:1635909604
2021-11-03 11:20:04,984 - DiskUtilization.Percent:45.0|#Level:Host|#hostname:gserver,timestamp:1635909604
2021-11-03 11:20:04,984 - MemoryAvailable.Megabytes:214528.3046875|#Level:Host|#hostname:gserver,timestamp:1635909604
2021-11-03 11:20:04,984 - MemoryUsed.Megabytes:41506.37890625|#Level:Host|#hostname:gserver,timestamp:1635909604
2021-11-03 11:20:04,984 - MemoryUtilization.Percent:16.8|#Level:Host|#hostname:gserver,timestamp:1635909604
2021-11-03 11:23:17,042 - CPUUtilization.Percent:0.0|#Level:Host|#hostname:gserver,timestamp:1635909797
2021-11-03 11:23:17,044 - DiskAvailable.Gigabytes:174.87030029296875|#Level:Host|#hostname:gserver,timestamp:1635909797
2021-11-03 11:23:17,044 - DiskUsage.Gigabytes:142.85544204711914|#Level:Host|#hostname:gserver,timestamp:1635909797
2021-11-03 11:23:17,044 - DiskUtilization.Percent:45.0|#Level:Host|#hostname:gserver,timestamp:1635909797
2021-11-03 11:23:17,045 - MemoryAvailable.Megabytes:237793.25390625|#Level:Host|#hostname:gserver,timestamp:1635909797
2021-11-03 11:23:17,045 - MemoryUsed.Megabytes:18241.67578125|#Level:Host|#hostname:gserver,timestamp:1635909797
2021-11-03 11:23:17,045 - MemoryUtilization.Percent:7.8|#Level:Host|#hostname:gserver,timestamp:1635909797
2021-11-03 11:23:27,274 - W-9010-en2sql_1.0.ms:10867|#Level:Host|#hostname:gserver,timestamp:1635909807
2021-11-03 11:23:27,274 - WorkerThreadTime.ms:51|#Level:Host|#hostname:gserver,timestamp:null
2021-11-03 11:23:28,188 - W-9013-en2sql_1.0.ms:11780|#Level:Host|#hostname:gserver,timestamp:1635909808
2021-11-03 11:23:28,189 - WorkerThreadTime.ms:25|#Level:Host|#hostname:gserver,timestamp:null
2021-11-03 11:23:28,728 - W-9005-en2sql_1.0.ms:12323|#Level:Host|#hostname:gserver,timestamp:1635909808
2021-11-03 11:23:28,728 - WorkerThreadTime.ms:25|#Level:Host|#hostname:gserver,timestamp:null
2021-11-03 11:23:29,059 - W-9012-en2sql_1.0.ms:12651|#Level:Host|#hostname:gserver,timestamp:1635909809
2021-11-03 11:23:29,059 - WorkerThreadTime.ms:19|#Level:Host|#hostname:gserver,timestamp:null
2021-11-03 11:23:29,731 - W-9015-en2sql_1.0.ms:13322|#Level:Host|#hostname:gserver,timestamp:1635909809
2021-11-03 11:23:29,731 - WorkerThreadTime.ms:20|#Level:Host|#hostname:gserver,timestamp:null
2021-11-03 11:23:29,877 - W-9008-en2sql_1.0.ms:13471|#Level:Host|#hostname:gserver,timestamp:1635909809
2021-11-03 11:23:29,877 - WorkerThreadTime.ms:26|#Level:Host|#hostname:gserver,timestamp:null
2021-11-03 11:23:30,519 - W-9007-en2sql_1.0.ms:14113|#Level:Host|#hostname:gserver,timestamp:1635909810
2021-11-03 11:23:30,519 - WorkerThreadTime.ms:26|#Level:Host|#hostname:gserver,timestamp:null
2021-11-03 11:23:30,595 - W-9002-en2sql_1.0.ms:14190|#Level:Host|#hostname:gserver,timestamp:1635909810
2021-11-03 11:23:30,595 - WorkerThreadTime.ms:23|#Level:Host|#hostname:gserver,timestamp:null
2021-11-03 11:23:31,052 - W-9011-en2sql_1.0.ms:14644|#Level:Host|#hostname:gserver,timestamp:1635909811
2021-11-03 11:23:31,052 - WorkerThreadTime.ms:28|#Level:Host|#hostname:gserver,timestamp:null
2021-11-03 11:23:31,114 - W-9004-en2sql_1.0.ms:14709|#Level:Host|#hostname:gserver,timestamp:1635909811
2021-11-03 11:23:31,114 - WorkerThreadTime.ms:64|#Level:Host|#hostname:gserver,timestamp:null
2021-11-03 11:23:31,915 - W-9003-en2sql_1.0.ms:15510|#Level:Host|#hostname:gserver,timestamp:1635909811
2021-11-03 11:23:31,915 - WorkerThreadTime.ms:20|#Level:Host|#hostname:gserver,timestamp:null
2021-11-03 11:23:31,931 - W-9000-en2sql_1.0.ms:15529|#Level:Host|#hostname:gserver,timestamp:1635909811
2021-11-03 11:23:31,931 - WorkerThreadTime.ms:30|#Level:Host|#hostname:gserver,timestamp:null
2021-11-03 11:23:31,947 - W-9006-en2sql_1.0.ms:15541|#Level:Host|#hostname:gserver,timestamp:1635909811
2021-11-03 11:23:31,947 - WorkerThreadTime.ms:25|#Level:Host|#hostname:gserver,timestamp:null
2021-11-03 11:23:31,975 - W-9001-en2sql_1.0.ms:15570|#Level:Host|#hostname:gserver,timestamp:1635909811
2021-11-03 11:23:31,975 - WorkerThreadTime.ms:51|#Level:Host|#hostname:gserver,timestamp:null
2021-11-03 11:23:32,060 - W-9014-en2sql_1.0.ms:15651|#Level:Host|#hostname:gserver,timestamp:1635909812
2021-11-03 11:23:32,060 - WorkerThreadTime.ms:29|#Level:Host|#hostname:gserver,timestamp:null
2021-11-03 11:23:32,145 - W-9009-en2sql_1.0.ms:15738|#Level:Host|#hostname:gserver,timestamp:1635909812
2021-11-03 11:23:32,145 - WorkerThreadTime.ms:23|#Level:Host|#hostname:gserver,timestamp:null
2021-11-03 11:23:32,484 - Requests2XX.Count:1|#Level:Host|#hostname:gserver,timestamp:null
2021-11-03 11:23:32,484 - QueueTime.ms:7012|#Level:Host|#hostname:gserver,timestamp:null
2021-11-03 11:23:32,484 - WorkerThreadTime.ms:3|#Level:Host|#hostname:gserver,timestamp:null
2021-11-03 11:23:33,400 - Requests2XX.Count:1|#Level:Host|#hostname:gserver,timestamp:null
2021-11-03 11:23:33,401 - QueueTime.ms:0|#Level:Host|#hostname:gserver,timestamp:null
2021-11-03 11:23:33,401 - WorkerThreadTime.ms:3|#Level:Host|#hostname:gserver,timestamp:null
2021-11-03 11:24:17,018 - CPUUtilization.Percent:0.0|#Level:Host|#hostname:gserver,timestamp:1635909857
2021-11-03 11:24:17,019 - DiskAvailable.Gigabytes:174.87025833129883|#Level:Host|#hostname:gserver,timestamp:1635909857
2021-11-03 11:24:17,019 - DiskUsage.Gigabytes:142.85548400878906|#Level:Host|#hostname:gserver,timestamp:1635909857
2021-11-03 11:24:17,019 - DiskUtilization.Percent:45.0|#Level:Host|#hostname:gserver,timestamp:1635909857
2021-11-03 11:24:17,019 - MemoryAvailable.Megabytes:214603.61328125|#Level:Host|#hostname:gserver,timestamp:1635909857
2021-11-03 11:24:17,020 - MemoryUsed.Megabytes:41431.0703125|#Level:Host|#hostname:gserver,timestamp:1635909857
2021-11-03 11:24:17,020 - MemoryUtilization.Percent:16.8|#Level:Host|#hostname:gserver,timestamp:1635909857
2021-11-03 11:25:17,013 - CPUUtilization.Percent:0.0|#Level:Host|#hostname:gserver,timestamp:1635909917
2021-11-03 11:25:17,013 - DiskAvailable.Gigabytes:174.87023544311523|#Level:Host|#hostname:gserver,timestamp:1635909917
2021-11-03 11:25:17,013 - DiskUsage.Gigabytes:142.85550689697266|#Level:Host|#hostname:gserver,timestamp:1635909917
2021-11-03 11:25:17,014 - DiskUtilization.Percent:45.0|#Level:Host|#hostname:gserver,timestamp:1635909917
2021-11-03 11:25:17,014 - MemoryAvailable.Megabytes:214541.53125|#Level:Host|#hostname:gserver,timestamp:1635909917
2021-11-03 11:25:17,014 - MemoryUsed.Megabytes:41493.15234375|#Level:Host|#hostname:gserver,timestamp:1635909917
2021-11-03 11:25:17,014 - MemoryUtilization.Percent:16.8|#Level:Host|#hostname:gserver,timestamp:1635909917
2021-11-03 11:26:17,016 - CPUUtilization.Percent:0.0|#Level:Host|#hostname:gserver,timestamp:1635909977
2021-11-03 11:26:17,016 - DiskAvailable.Gigabytes:174.8702163696289|#Level:Host|#hostname:gserver,timestamp:1635909977
2021-11-03 11:26:17,017 - DiskUsage.Gigabytes:142.85552597045898|#Level:Host|#hostname:gserver,timestamp:1635909977
2021-11-03 11:26:17,017 - DiskUtilization.Percent:45.0|#Level:Host|#hostname:gserver,timestamp:1635909977
2021-11-03 11:26:17,017 - MemoryAvailable.Megabytes:214543.86328125|#Level:Host|#hostname:gserver,timestamp:1635909977
2021-11-03 11:26:17,017 - MemoryUsed.Megabytes:41490.82421875|#Level:Host|#hostname:gserver,timestamp:1635909977
2021-11-03 11:26:17,017 - MemoryUtilization.Percent:16.8|#Level:Host|#hostname:gserver,timestamp:1635909977
2021-11-03 11:26:19,702 - Requests2XX.Count:1|#Level:Host|#hostname:gserver,timestamp:null
2021-11-03 11:26:19,702 - QueueTime.ms:0|#Level:Host|#hostname:gserver,timestamp:null
2021-11-03 11:26:19,702 - WorkerThreadTime.ms:1|#Level:Host|#hostname:gserver,timestamp:null
2021-11-03 11:26:23,982 - Requests2XX.Count:1|#Level:Host|#hostname:gserver,timestamp:null
2021-11-03 11:26:23,982 - QueueTime.ms:0|#Level:Host|#hostname:gserver,timestamp:null
2021-11-03 11:26:23,982 - WorkerThreadTime.ms:2|#Level:Host|#hostname:gserver,timestamp:null
2021-11-03 11:26:58,419 - Requests2XX.Count:1|#Level:Host|#hostname:gserver,timestamp:null
2021-11-03 11:26:58,419 - QueueTime.ms:0|#Level:Host|#hostname:gserver,timestamp:null
2021-11-03 11:26:58,419 - WorkerThreadTime.ms:1|#Level:Host|#hostname:gserver,timestamp:null
2021-11-03 11:27:17,017 - CPUUtilization.Percent:0.0|#Level:Host|#hostname:gserver,timestamp:1635910037
2021-11-03 11:27:17,017 - DiskAvailable.Gigabytes:174.86999130249023|#Level:Host|#hostname:gserver,timestamp:1635910037
2021-11-03 11:27:17,017 - DiskUsage.Gigabytes:142.85575103759766|#Level:Host|#hostname:gserver,timestamp:1635910037
2021-11-03 11:27:17,017 - DiskUtilization.Percent:45.0|#Level:Host|#hostname:gserver,timestamp:1635910037
2021-11-03 11:27:17,017 - MemoryAvailable.Megabytes:214522.3359375|#Level:Host|#hostname:gserver,timestamp:1635910037
2021-11-03 11:27:17,017 - MemoryUsed.Megabytes:41512.3515625|#Level:Host|#hostname:gserver,timestamp:1635910037
2021-11-03 11:27:17,017 - MemoryUtilization.Percent:16.8|#Level:Host|#hostname:gserver,timestamp:1635910037
2021-11-03 11:27:20,235 - Requests2XX.Count:1|#Level:Host|#hostname:gserver,timestamp:null
2021-11-03 11:27:20,235 - QueueTime.ms:0|#Level:Host|#hostname:gserver,timestamp:null
2021-11-03 11:27:20,235 - WorkerThreadTime.ms:1|#Level:Host|#hostname:gserver,timestamp:null
2021-11-03 11:27:30,388 - Requests2XX.Count:1|#Level:Host|#hostname:gserver,timestamp:null
2021-11-03 11:27:30,388 - QueueTime.ms:0|#Level:Host|#hostname:gserver,timestamp:null
2021-11-03 11:27:30,388 - WorkerThreadTime.ms:0|#Level:Host|#hostname:gserver,timestamp:null
2021-11-03 11:27:43,494 - Requests2XX.Count:1|#Level:Host|#hostname:gserver,timestamp:null
2021-11-03 11:27:43,494 - QueueTime.ms:0|#Level:Host|#hostname:gserver,timestamp:null
2021-11-03 11:27:43,494 - WorkerThreadTime.ms:3|#Level:Host|#hostname:gserver,timestamp:null
2021-11-03 11:28:17,011 - CPUUtilization.Percent:0.0|#Level:Host|#hostname:gserver,timestamp:1635910097
2021-11-03 11:28:17,012 - DiskAvailable.Gigabytes:174.87000274658203|#Level:Host|#hostname:gserver,timestamp:1635910097
2021-11-03 11:28:17,012 - DiskUsage.Gigabytes:142.85573959350586|#Level:Host|#hostname:gserver,timestamp:1635910097
2021-11-03 11:28:17,012 - DiskUtilization.Percent:45.0|#Level:Host|#hostname:gserver,timestamp:1635910097
2021-11-03 11:28:17,012 - MemoryAvailable.Megabytes:224517.5546875|#Level:Host|#hostname:gserver,timestamp:1635910097
2021-11-03 11:28:17,012 - MemoryUsed.Megabytes:31508.7578125|#Level:Host|#hostname:gserver,timestamp:1635910097
2021-11-03 11:28:17,012 - MemoryUtilization.Percent:12.9|#Level:Host|#hostname:gserver,timestamp:1635910097
2021-11-03 11:32:50,846 - CPUUtilization.Percent:0.0|#Level:Host|#hostname:gserver,timestamp:1635910370
2021-11-03 11:32:50,847 - DiskAvailable.Gigabytes:174.87005615234375|#Level:Host|#hostname:gserver,timestamp:1635910370
2021-11-03 11:32:50,847 - DiskUsage.Gigabytes:142.85568618774414|#Level:Host|#hostname:gserver,timestamp:1635910370
2021-11-03 11:32:50,847 - DiskUtilization.Percent:45.0|#Level:Host|#hostname:gserver,timestamp:1635910370
2021-11-03 11:32:50,848 - MemoryAvailable.Megabytes:237662.26171875|#Level:Host|#hostname:gserver,timestamp:1635910370
2021-11-03 11:32:50,848 - MemoryUsed.Megabytes:18372.78125|#Level:Host|#hostname:gserver,timestamp:1635910370
2021-11-03 11:32:50,848 - MemoryUtilization.Percent:7.8|#Level:Host|#hostname:gserver,timestamp:1635910370
2021-11-03 11:33:00,497 - W-9004-en2sql_1.0.ms:10276|#Level:Host|#hostname:gserver,timestamp:1635910380
2021-11-03 11:33:00,499 - WorkerThreadTime.ms:47|#Level:Host|#hostname:gserver,timestamp:null
2021-11-03 11:33:01,893 - W-9009-en2sql_1.0.ms:11669|#Level:Host|#hostname:gserver,timestamp:1635910381
2021-11-03 11:33:01,893 - WorkerThreadTime.ms:46|#Level:Host|#hostname:gserver,timestamp:null
2021-11-03 11:33:02,212 - W-9006-en2sql_1.0.ms:11990|#Level:Host|#hostname:gserver,timestamp:1635910382
2021-11-03 11:33:02,213 - WorkerThreadTime.ms:47|#Level:Host|#hostname:gserver,timestamp:null
2021-11-03 11:33:02,486 - W-9003-en2sql_1.0.ms:12265|#Level:Host|#hostname:gserver,timestamp:1635910382
2021-11-03 11:33:02,487 - WorkerThreadTime.ms:34|#Level:Host|#hostname:gserver,timestamp:null
2021-11-03 11:33:02,590 - W-9008-en2sql_1.0.ms:12367|#Level:Host|#hostname:gserver,timestamp:1635910382
2021-11-03 11:33:02,590 - WorkerThreadTime.ms:21|#Level:Host|#hostname:gserver,timestamp:null
2021-11-03 11:33:02,669 - W-9015-en2sql_1.0.ms:12442|#Level:Host|#hostname:gserver,timestamp:1635910382
2021-11-03 11:33:02,669 - WorkerThreadTime.ms:46|#Level:Host|#hostname:gserver,timestamp:null
2021-11-03 11:33:03,227 - W-9013-en2sql_1.0.ms:13002|#Level:Host|#hostname:gserver,timestamp:1635910383
2021-11-03 11:33:03,227 - WorkerThreadTime.ms:22|#Level:Host|#hostname:gserver,timestamp:null
2021-11-03 11:33:04,082 - W-9005-en2sql_1.0.ms:13860|#Level:Host|#hostname:gserver,timestamp:1635910384
2021-11-03 11:33:04,083 - WorkerThreadTime.ms:27|#Level:Host|#hostname:gserver,timestamp:null
2021-11-03 11:33:04,526 - W-9014-en2sql_1.0.ms:14299|#Level:Host|#hostname:gserver,timestamp:1635910384
2021-11-03 11:33:04,527 - WorkerThreadTime.ms:46|#Level:Host|#hostname:gserver,timestamp:null
2021-11-03 11:33:04,884 - W-9010-en2sql_1.0.ms:14661|#Level:Host|#hostname:gserver,timestamp:1635910384
2021-11-03 11:33:04,884 - WorkerThreadTime.ms:27|#Level:Host|#hostname:gserver,timestamp:null
2021-11-03 11:33:04,887 - W-9002-en2sql_1.0.ms:14666|#Level:Host|#hostname:gserver,timestamp:1635910384
2021-11-03 11:33:04,887 - WorkerThreadTime.ms:27|#Level:Host|#hostname:gserver,timestamp:null
2021-11-03 11:33:04,890 - W-9011-en2sql_1.0.ms:14666|#Level:Host|#hostname:gserver,timestamp:1635910384
2021-11-03 11:33:04,891 - WorkerThreadTime.ms:45|#Level:Host|#hostname:gserver,timestamp:null
2021-11-03 11:33:04,915 - W-9012-en2sql_1.0.ms:14691|#Level:Host|#hostname:gserver,timestamp:1635910384
2021-11-03 11:33:04,915 - WorkerThreadTime.ms:47|#Level:Host|#hostname:gserver,timestamp:null
2021-11-03 11:33:04,968 - W-9000-en2sql_1.0.ms:14750|#Level:Host|#hostname:gserver,timestamp:1635910384
2021-11-03 11:33:04,968 - WorkerThreadTime.ms:26|#Level:Host|#hostname:gserver,timestamp:null
2021-11-03 11:33:05,084 - W-9001-en2sql_1.0.ms:14863|#Level:Host|#hostname:gserver,timestamp:1635910385
2021-11-03 11:33:05,084 - WorkerThreadTime.ms:26|#Level:Host|#hostname:gserver,timestamp:null
2021-11-03 11:33:05,128 - W-9007-en2sql_1.0.ms:14905|#Level:Host|#hostname:gserver,timestamp:1635910385
2021-11-03 11:33:05,128 - WorkerThreadTime.ms:26|#Level:Host|#hostname:gserver,timestamp:null
2021-11-03 11:33:06,267 - Requests2XX.Count:1|#Level:Host|#hostname:gserver,timestamp:null
2021-11-03 11:33:06,268 - QueueTime.ms:0|#Level:Host|#hostname:gserver,timestamp:null
2021-11-03 11:33:06,268 - WorkerThreadTime.ms:5|#Level:Host|#hostname:gserver,timestamp:null
2021-11-03 11:33:07,207 - Requests2XX.Count:1|#Level:Host|#hostname:gserver,timestamp:null
2021-11-03 11:33:07,207 - QueueTime.ms:0|#Level:Host|#hostname:gserver,timestamp:null
2021-11-03 11:33:07,207 - WorkerThreadTime.ms:1|#Level:Host|#hostname:gserver,timestamp:null
2021-11-03 11:33:50,783 - CPUUtilization.Percent:0.0|#Level:Host|#hostname:gserver,timestamp:1635910430
2021-11-03 11:33:50,784 - DiskAvailable.Gigabytes:174.87002182006836|#Level:Host|#hostname:gserver,timestamp:1635910430
2021-11-03 11:33:50,784 - DiskUsage.Gigabytes:142.85572052001953|#Level:Host|#hostname:gserver,timestamp:1635910430
2021-11-03 11:33:50,784 - DiskUtilization.Percent:45.0|#Level:Host|#hostname:gserver,timestamp:1635910430
2021-11-03 11:33:50,784 - MemoryAvailable.Megabytes:213148.890625|#Level:Host|#hostname:gserver,timestamp:1635910430
2021-11-03 11:33:50,784 - MemoryUsed.Megabytes:42750.84375|#Level:Host|#hostname:gserver,timestamp:1635910430
2021-11-03 11:33:50,784 - MemoryUtilization.Percent:17.3|#Level:Host|#hostname:gserver,timestamp:1635910430
2021-11-03 11:34:50,779 - CPUUtilization.Percent:0.0|#Level:Host|#hostname:gserver,timestamp:1635910490
2021-11-03 11:34:50,779 - DiskAvailable.Gigabytes:174.8699836730957|#Level:Host|#hostname:gserver,timestamp:1635910490
2021-11-03 11:34:50,779 - DiskUsage.Gigabytes:142.8557586669922|#Level:Host|#hostname:gserver,timestamp:1635910490
2021-11-03 11:34:50,780 - DiskUtilization.Percent:45.0|#Level:Host|#hostname:gserver,timestamp:1635910490
2021-11-03 11:34:50,780 - MemoryAvailable.Megabytes:213086.5859375|#Level:Host|#hostname:gserver,timestamp:1635910490
2021-11-03 11:34:50,780 - MemoryUsed.Megabytes:42813.1328125|#Level:Host|#hostname:gserver,timestamp:1635910490
2021-11-03 11:34:50,780 - MemoryUtilization.Percent:17.4|#Level:Host|#hostname:gserver,timestamp:1635910490
2021-11-03 11:35:50,778 - CPUUtilization.Percent:25.0|#Level:Host|#hostname:gserver,timestamp:1635910550
2021-11-03 11:35:50,778 - DiskAvailable.Gigabytes:174.8699607849121|#Level:Host|#hostname:gserver,timestamp:1635910550
2021-11-03 11:35:50,778 - DiskUsage.Gigabytes:142.85578155517578|#Level:Host|#hostname:gserver,timestamp:1635910550
2021-11-03 11:35:50,778 - DiskUtilization.Percent:45.0|#Level:Host|#hostname:gserver,timestamp:1635910550
2021-11-03 11:35:50,778 - MemoryAvailable.Megabytes:213057.03125|#Level:Host|#hostname:gserver,timestamp:1635910550
2021-11-03 11:35:50,779 - MemoryUsed.Megabytes:42842.6875|#Level:Host|#hostname:gserver,timestamp:1635910550
2021-11-03 11:35:50,779 - MemoryUtilization.Percent:17.4|#Level:Host|#hostname:gserver,timestamp:1635910550
2021-11-03 11:36:50,778 - CPUUtilization.Percent:25.0|#Level:Host|#hostname:gserver,timestamp:1635910610
2021-11-03 11:36:50,778 - DiskAvailable.Gigabytes:174.86993789672852|#Level:Host|#hostname:gserver,timestamp:1635910610
2021-11-03 11:36:50,778 - DiskUsage.Gigabytes:142.85580444335938|#Level:Host|#hostname:gserver,timestamp:1635910610
2021-11-03 11:36:50,778 - DiskUtilization.Percent:45.0|#Level:Host|#hostname:gserver,timestamp:1635910610
2021-11-03 11:36:50,778 - MemoryAvailable.Megabytes:213008.5703125|#Level:Host|#hostname:gserver,timestamp:1635910610
2021-11-03 11:36:50,778 - MemoryUsed.Megabytes:42891.14453125|#Level:Host|#hostname:gserver,timestamp:1635910610
2021-11-03 11:36:50,778 - MemoryUtilization.Percent:17.4|#Level:Host|#hostname:gserver,timestamp:1635910610
2021-11-03 11:37:50,779 - CPUUtilization.Percent:0.0|#Level:Host|#hostname:gserver,timestamp:1635910670
2021-11-03 11:37:50,780 - DiskAvailable.Gigabytes:174.8699188232422|#Level:Host|#hostname:gserver,timestamp:1635910670
2021-11-03 11:37:50,780 - DiskUsage.Gigabytes:142.8558235168457|#Level:Host|#hostname:gserver,timestamp:1635910670
2021-11-03 11:37:50,780 - DiskUtilization.Percent:45.0|#Level:Host|#hostname:gserver,timestamp:1635910670
2021-11-03 11:37:50,780 - MemoryAvailable.Megabytes:212983.23046875|#Level:Host|#hostname:gserver,timestamp:1635910670
2021-11-03 11:37:50,780 - MemoryUsed.Megabytes:42916.48828125|#Level:Host|#hostname:gserver,timestamp:1635910670
2021-11-03 11:37:50,780 - MemoryUtilization.Percent:17.4|#Level:Host|#hostname:gserver,timestamp:1635910670
2021-11-03 11:38:50,782 - CPUUtilization.Percent:0.0|#Level:Host|#hostname:gserver,timestamp:1635910730
2021-11-03 11:38:50,782 - DiskAvailable.Gigabytes:174.8698959350586|#Level:Host|#hostname:gserver,timestamp:1635910730
2021-11-03 11:38:50,782 - DiskUsage.Gigabytes:142.8558464050293|#Level:Host|#hostname:gserver,timestamp:1635910730
2021-11-03 11:38:50,782 - DiskUtilization.Percent:45.0|#Level:Host|#hostname:gserver,timestamp:1635910730
2021-11-03 11:38:50,782 - MemoryAvailable.Megabytes:212956.84765625|#Level:Host|#hostname:gserver,timestamp:1635910730
2021-11-03 11:38:50,783 - MemoryUsed.Megabytes:42942.87109375|#Level:Host|#hostname:gserver,timestamp:1635910730
2021-11-03 11:38:50,783 - MemoryUtilization.Percent:17.4|#Level:Host|#hostname:gserver,timestamp:1635910730
2021-11-03 11:39:50,778 - CPUUtilization.Percent:0.0|#Level:Host|#hostname:gserver,timestamp:1635910790
2021-11-03 11:39:50,779 - DiskAvailable.Gigabytes:174.869873046875|#Level:Host|#hostname:gserver,timestamp:1635910790
2021-11-03 11:39:50,779 - DiskUsage.Gigabytes:142.8558692932129|#Level:Host|#hostname:gserver,timestamp:1635910790
2021-11-03 11:39:50,779 - DiskUtilization.Percent:45.0|#Level:Host|#hostname:gserver,timestamp:1635910790
2021-11-03 11:39:50,779 - MemoryAvailable.Megabytes:212954.03125|#Level:Host|#hostname:gserver,timestamp:1635910790
2021-11-03 11:39:50,779 - MemoryUsed.Megabytes:42945.6875|#Level:Host|#hostname:gserver,timestamp:1635910790
2021-11-03 11:39:50,779 - MemoryUtilization.Percent:17.4|#Level:Host|#hostname:gserver,timestamp:1635910790
2021-11-03 13:45:58,821 - CPUUtilization.Percent:0.0|#Level:Host|#hostname:gserver,timestamp:1635918358
2021-11-03 13:45:58,822 - DiskAvailable.Gigabytes:174.8669662475586|#Level:Host|#hostname:gserver,timestamp:1635918358
2021-11-03 13:45:58,822 - DiskUsage.Gigabytes:142.8587760925293|#Level:Host|#hostname:gserver,timestamp:1635918358
2021-11-03 13:45:58,823 - DiskUtilization.Percent:45.0|#Level:Host|#hostname:gserver,timestamp:1635918358
2021-11-03 13:45:58,823 - MemoryAvailable.Megabytes:240189.69140625|#Level:Host|#hostname:gserver,timestamp:1635918358
2021-11-03 13:45:58,823 - MemoryUsed.Megabytes:15850.28515625|#Level:Host|#hostname:gserver,timestamp:1635918358
2021-11-03 13:45:58,824 - MemoryUtilization.Percent:6.8|#Level:Host|#hostname:gserver,timestamp:1635918358
2021-11-03 13:46:06,746 - W-9002-en2sql_1.0.ms:8552|#Level:Host|#hostname:gserver,timestamp:1635918366
2021-11-03 13:46:06,756 - WorkerThreadTime.ms:41|#Level:Host|#hostname:gserver,timestamp:null
2021-11-03 13:46:10,322 - W-9009-en2sql_1.0.ms:12126|#Level:Host|#hostname:gserver,timestamp:1635918370
2021-11-03 13:46:10,322 - WorkerThreadTime.ms:69|#Level:Host|#hostname:gserver,timestamp:null
2021-11-03 13:46:10,598 - W-9011-en2sql_1.0.ms:12401|#Level:Host|#hostname:gserver,timestamp:1635918370
2021-11-03 13:46:10,598 - WorkerThreadTime.ms:30|#Level:Host|#hostname:gserver,timestamp:null
2021-11-03 13:46:11,164 - W-9001-en2sql_1.0.ms:12970|#Level:Host|#hostname:gserver,timestamp:1635918371
2021-11-03 13:46:11,164 - WorkerThreadTime.ms:23|#Level:Host|#hostname:gserver,timestamp:null
2021-11-03 13:46:11,269 - W-9013-en2sql_1.0.ms:13072|#Level:Host|#hostname:gserver,timestamp:1635918371
2021-11-03 13:46:11,269 - WorkerThreadTime.ms:24|#Level:Host|#hostname:gserver,timestamp:null
2021-11-03 13:46:11,855 - W-9014-en2sql_1.0.ms:13657|#Level:Host|#hostname:gserver,timestamp:1635918371
2021-11-03 13:46:11,855 - WorkerThreadTime.ms:23|#Level:Host|#hostname:gserver,timestamp:null
2021-11-03 13:46:12,567 - W-9012-en2sql_1.0.ms:14370|#Level:Host|#hostname:gserver,timestamp:1635918372
2021-11-03 13:46:12,568 - WorkerThreadTime.ms:32|#Level:Host|#hostname:gserver,timestamp:null
2021-11-03 13:46:12,653 - W-9006-en2sql_1.0.ms:14458|#Level:Host|#hostname:gserver,timestamp:1635918372
2021-11-03 13:46:12,653 - WorkerThreadTime.ms:22|#Level:Host|#hostname:gserver,timestamp:null
2021-11-03 13:46:13,013 - W-9007-en2sql_1.0.ms:14818|#Level:Host|#hostname:gserver,timestamp:1635918373
2021-11-03 13:46:13,013 - WorkerThreadTime.ms:31|#Level:Host|#hostname:gserver,timestamp:null
2021-11-03 13:46:13,260 - W-9000-en2sql_1.0.ms:15068|#Level:Host|#hostname:gserver,timestamp:1635918373
2021-11-03 13:46:13,260 - WorkerThreadTime.ms:22|#Level:Host|#hostname:gserver,timestamp:null
2021-11-03 13:46:13,375 - W-9004-en2sql_1.0.ms:15180|#Level:Host|#hostname:gserver,timestamp:1635918373
2021-11-03 13:46:13,375 - WorkerThreadTime.ms:57|#Level:Host|#hostname:gserver,timestamp:null
2021-11-03 13:46:13,403 - W-9015-en2sql_1.0.ms:15205|#Level:Host|#hostname:gserver,timestamp:1635918373
2021-11-03 13:46:13,403 - WorkerThreadTime.ms:22|#Level:Host|#hostname:gserver,timestamp:null
2021-11-03 13:46:13,417 - W-9005-en2sql_1.0.ms:15222|#Level:Host|#hostname:gserver,timestamp:1635918373
2021-11-03 13:46:13,417 - WorkerThreadTime.ms:25|#Level:Host|#hostname:gserver,timestamp:null
2021-11-03 13:46:13,462 - W-9003-en2sql_1.0.ms:15268|#Level:Host|#hostname:gserver,timestamp:1635918373
2021-11-03 13:46:13,462 - WorkerThreadTime.ms:22|#Level:Host|#hostname:gserver,timestamp:null
2021-11-03 13:46:13,498 - W-9010-en2sql_1.0.ms:15302|#Level:Host|#hostname:gserver,timestamp:1635918373
2021-11-03 13:46:13,498 - WorkerThreadTime.ms:21|#Level:Host|#hostname:gserver,timestamp:null
2021-11-03 13:46:13,518 - W-9008-en2sql_1.0.ms:15322|#Level:Host|#hostname:gserver,timestamp:1635918373
2021-11-03 13:46:13,518 - WorkerThreadTime.ms:24|#Level:Host|#hostname:gserver,timestamp:null
2021-11-03 13:46:24,512 - Requests2XX.Count:1|#Level:Host|#hostname:gserver,timestamp:null
2021-11-03 13:46:24,513 - QueueTime.ms:0|#Level:Host|#hostname:gserver,timestamp:null
2021-11-03 13:46:24,513 - WorkerThreadTime.ms:3|#Level:Host|#hostname:gserver,timestamp:null
2021-11-03 13:46:25,423 - Requests2XX.Count:1|#Level:Host|#hostname:gserver,timestamp:null
2021-11-03 13:46:25,424 - QueueTime.ms:0|#Level:Host|#hostname:gserver,timestamp:null
2021-11-03 13:46:25,424 - WorkerThreadTime.ms:3|#Level:Host|#hostname:gserver,timestamp:null
2021-11-03 13:49:47,642 - CPUUtilization.Percent:0.0|#Level:Host|#hostname:gserver,timestamp:1635918587
2021-11-03 13:49:47,643 - DiskAvailable.Gigabytes:174.86683654785156|#Level:Host|#hostname:gserver,timestamp:1635918587
2021-11-03 13:49:47,644 - DiskUsage.Gigabytes:142.85890579223633|#Level:Host|#hostname:gserver,timestamp:1635918587
2021-11-03 13:49:47,644 - DiskUtilization.Percent:45.0|#Level:Host|#hostname:gserver,timestamp:1635918587
2021-11-03 13:49:47,644 - MemoryAvailable.Megabytes:240287.1875|#Level:Host|#hostname:gserver,timestamp:1635918587
2021-11-03 13:49:47,645 - MemoryUsed.Megabytes:15752.3203125|#Level:Host|#hostname:gserver,timestamp:1635918587
2021-11-03 13:49:47,645 - MemoryUtilization.Percent:6.8|#Level:Host|#hostname:gserver,timestamp:1635918587
2021-11-03 13:49:58,172 - W-9011-en2sql_1.0.ms:11116|#Level:Host|#hostname:gserver,timestamp:1635918598
2021-11-03 13:49:58,173 - WorkerThreadTime.ms:30|#Level:Host|#hostname:gserver,timestamp:null
2021-11-03 13:49:58,794 - W-9003-en2sql_1.0.ms:11742|#Level:Host|#hostname:gserver,timestamp:1635918598
2021-11-03 13:49:58,794 - WorkerThreadTime.ms:59|#Level:Host|#hostname:gserver,timestamp:null
2021-11-03 13:49:59,097 - W-9007-en2sql_1.0.ms:12043|#Level:Host|#hostname:gserver,timestamp:1635918599
2021-11-03 13:49:59,097 - WorkerThreadTime.ms:21|#Level:Host|#hostname:gserver,timestamp:null
2021-11-03 13:49:59,300 - W-9015-en2sql_1.0.ms:12243|#Level:Host|#hostname:gserver,timestamp:1635918599
2021-11-03 13:49:59,300 - WorkerThreadTime.ms:23|#Level:Host|#hostname:gserver,timestamp:null
2021-11-03 13:49:59,611 - W-9006-en2sql_1.0.ms:12557|#Level:Host|#hostname:gserver,timestamp:1635918599
2021-11-03 13:49:59,611 - WorkerThreadTime.ms:59|#Level:Host|#hostname:gserver,timestamp:null
2021-11-03 13:50:00,111 - W-9002-en2sql_1.0.ms:13059|#Level:Host|#hostname:gserver,timestamp:1635918600
2021-11-03 13:50:00,111 - WorkerThreadTime.ms:59|#Level:Host|#hostname:gserver,timestamp:null
2021-11-03 13:50:00,379 - W-9005-en2sql_1.0.ms:13326|#Level:Host|#hostname:gserver,timestamp:1635918600
2021-11-03 13:50:00,379 - WorkerThreadTime.ms:27|#Level:Host|#hostname:gserver,timestamp:null
2021-11-03 13:50:00,728 - W-9012-en2sql_1.0.ms:13673|#Level:Host|#hostname:gserver,timestamp:1635918600
2021-11-03 13:50:00,728 - WorkerThreadTime.ms:59|#Level:Host|#hostname:gserver,timestamp:null
2021-11-03 13:50:02,190 - W-9008-en2sql_1.0.ms:15136|#Level:Host|#hostname:gserver,timestamp:1635918602
2021-11-03 13:50:02,191 - WorkerThreadTime.ms:23|#Level:Host|#hostname:gserver,timestamp:null
2021-11-03 13:50:02,537 - W-9013-en2sql_1.0.ms:15481|#Level:Host|#hostname:gserver,timestamp:1635918602
2021-11-03 13:50:02,537 - WorkerThreadTime.ms:24|#Level:Host|#hostname:gserver,timestamp:null
2021-11-03 13:50:02,601 - W-9014-en2sql_1.0.ms:15545|#Level:Host|#hostname:gserver,timestamp:1635918602
2021-11-03 13:50:02,601 - WorkerThreadTime.ms:59|#Level:Host|#hostname:gserver,timestamp:null
2021-11-03 13:50:02,622 - W-9009-en2sql_1.0.ms:15567|#Level:Host|#hostname:gserver,timestamp:1635918602
2021-11-03 13:50:02,622 - WorkerThreadTime.ms:22|#Level:Host|#hostname:gserver,timestamp:null
2021-11-03 13:50:02,709 - W-9000-en2sql_1.0.ms:15659|#Level:Host|#hostname:gserver,timestamp:1635918602
2021-11-03 13:50:02,709 - WorkerThreadTime.ms:27|#Level:Host|#hostname:gserver,timestamp:null
2021-11-03 13:50:02,740 - W-9010-en2sql_1.0.ms:15685|#Level:Host|#hostname:gserver,timestamp:1635918602
2021-11-03 13:50:02,740 - WorkerThreadTime.ms:22|#Level:Host|#hostname:gserver,timestamp:null
2021-11-03 13:50:02,769 - W-9004-en2sql_1.0.ms:15716|#Level:Host|#hostname:gserver,timestamp:1635918602
2021-11-03 13:50:02,769 - WorkerThreadTime.ms:21|#Level:Host|#hostname:gserver,timestamp:null
2021-11-03 13:50:02,810 - W-9001-en2sql_1.0.ms:15758|#Level:Host|#hostname:gserver,timestamp:1635918602
2021-11-03 13:50:02,810 - WorkerThreadTime.ms:25|#Level:Host|#hostname:gserver,timestamp:null
2021-11-03 13:50:03,073 - Requests2XX.Count:1|#Level:Host|#hostname:gserver,timestamp:null
2021-11-03 13:50:03,073 - QueueTime.ms:6384|#Level:Host|#hostname:gserver,timestamp:null
2021-11-03 13:50:03,073 - WorkerThreadTime.ms:2|#Level:Host|#hostname:gserver,timestamp:null
2021-11-03 13:50:04,043 - Requests2XX.Count:1|#Level:Host|#hostname:gserver,timestamp:null
2021-11-03 13:50:04,043 - QueueTime.ms:0|#Level:Host|#hostname:gserver,timestamp:null
2021-11-03 13:50:04,043 - WorkerThreadTime.ms:2|#Level:Host|#hostname:gserver,timestamp:null
2021-11-05 10:58:52,078 - CPUUtilization.Percent:0.0|#Level:Host|#hostname:gserver,timestamp:1636081132
2021-11-05 10:58:52,079 - DiskAvailable.Gigabytes:174.86693954467773|#Level:Host|#hostname:gserver,timestamp:1636081132
2021-11-05 10:58:52,080 - DiskUsage.Gigabytes:142.85880279541016|#Level:Host|#hostname:gserver,timestamp:1636081132
2021-11-05 10:58:52,080 - DiskUtilization.Percent:45.0|#Level:Host|#hostname:gserver,timestamp:1636081132
2021-11-05 10:58:52,080 - MemoryAvailable.Megabytes:240895.37109375|#Level:Host|#hostname:gserver,timestamp:1636081132
2021-11-05 10:58:52,081 - MemoryUsed.Megabytes:15148.36328125|#Level:Host|#hostname:gserver,timestamp:1636081132
2021-11-05 10:58:52,081 - MemoryUtilization.Percent:6.6|#Level:Host|#hostname:gserver,timestamp:1636081132
2021-11-05 10:59:02,458 - W-9014-en2sql_1.0.ms:10999|#Level:Host|#hostname:gserver,timestamp:1636081142
2021-11-05 10:59:02,463 - WorkerThreadTime.ms:54|#Level:Host|#hostname:gserver,timestamp:null
2021-11-05 10:59:02,752 - Requests5XX.Count:1|#Level:Host|#hostname:gserver,timestamp:null
2021-11-05 10:59:02,755 - WorkerThreadTime.ms:18|#Level:Host|#hostname:gserver,timestamp:null
2021-11-05 10:59:03,153 - W-9010-en2sql_1.0.ms:11696|#Level:Host|#hostname:gserver,timestamp:1636081143
2021-11-05 10:59:03,153 - WorkerThreadTime.ms:22|#Level:Host|#hostname:gserver,timestamp:null
2021-11-05 10:59:03,270 - W-9013-en2sql_1.0.ms:11811|#Level:Host|#hostname:gserver,timestamp:1636081143
2021-11-05 10:59:03,270 - WorkerThreadTime.ms:21|#Level:Host|#hostname:gserver,timestamp:null
2021-11-05 10:59:03,586 - W-9002-en2sql_1.0.ms:12131|#Level:Host|#hostname:gserver,timestamp:1636081143
2021-11-05 10:59:03,586 - WorkerThreadTime.ms:24|#Level:Host|#hostname:gserver,timestamp:null
2021-11-05 10:59:04,300 - W-9007-en2sql_1.0.ms:12844|#Level:Host|#hostname:gserver,timestamp:1636081144
2021-11-05 10:59:04,300 - WorkerThreadTime.ms:25|#Level:Host|#hostname:gserver,timestamp:null
2021-11-05 10:59:04,937 - W-9008-en2sql_1.0.ms:13480|#Level:Host|#hostname:gserver,timestamp:1636081144
2021-11-05 10:59:04,937 - WorkerThreadTime.ms:48|#Level:Host|#hostname:gserver,timestamp:null
2021-11-05 10:59:05,292 - W-9015-en2sql_1.0.ms:13833|#Level:Host|#hostname:gserver,timestamp:1636081145
2021-11-05 10:59:05,292 - WorkerThreadTime.ms:25|#Level:Host|#hostname:gserver,timestamp:null
2021-11-05 10:59:05,587 - W-9011-en2sql_1.0.ms:14129|#Level:Host|#hostname:gserver,timestamp:1636081145
2021-11-05 10:59:05,588 - WorkerThreadTime.ms:26|#Level:Host|#hostname:gserver,timestamp:null
2021-11-05 10:59:06,017 - W-9003-en2sql_1.0.ms:14561|#Level:Host|#hostname:gserver,timestamp:1636081146
2021-11-05 10:59:06,017 - WorkerThreadTime.ms:25|#Level:Host|#hostname:gserver,timestamp:null
2021-11-05 10:59:06,067 - W-9006-en2sql_1.0.ms:14611|#Level:Host|#hostname:gserver,timestamp:1636081146
2021-11-05 10:59:06,067 - WorkerThreadTime.ms:45|#Level:Host|#hostname:gserver,timestamp:null
2021-11-05 10:59:06,111 - W-9001-en2sql_1.0.ms:14656|#Level:Host|#hostname:gserver,timestamp:1636081146
2021-11-05 10:59:06,111 - WorkerThreadTime.ms:21|#Level:Host|#hostname:gserver,timestamp:null
2021-11-05 10:59:06,405 - W-9012-en2sql_1.0.ms:14947|#Level:Host|#hostname:gserver,timestamp:1636081146
2021-11-05 10:59:06,405 - WorkerThreadTime.ms:24|#Level:Host|#hostname:gserver,timestamp:null
2021-11-05 10:59:06,418 - W-9000-en2sql_1.0.ms:14965|#Level:Host|#hostname:gserver,timestamp:1636081146
2021-11-05 10:59:06,418 - WorkerThreadTime.ms:26|#Level:Host|#hostname:gserver,timestamp:null
2021-11-05 10:59:06,462 - W-9005-en2sql_1.0.ms:15006|#Level:Host|#hostname:gserver,timestamp:1636081146
2021-11-05 10:59:06,462 - WorkerThreadTime.ms:27|#Level:Host|#hostname:gserver,timestamp:null
2021-11-05 10:59:06,533 - W-9004-en2sql_1.0.ms:15077|#Level:Host|#hostname:gserver,timestamp:1636081146
2021-11-05 10:59:06,533 - WorkerThreadTime.ms:24|#Level:Host|#hostname:gserver,timestamp:null
2021-11-05 10:59:06,542 - W-9009-en2sql_1.0.ms:15085|#Level:Host|#hostname:gserver,timestamp:1636081146
2021-11-05 10:59:06,542 - WorkerThreadTime.ms:25|#Level:Host|#hostname:gserver,timestamp:null
2021-11-05 10:59:09,251 - Requests5XX.Count:1|#Level:Host|#hostname:gserver,timestamp:null
2021-11-05 10:59:09,252 - WorkerThreadTime.ms:7|#Level:Host|#hostname:gserver,timestamp:null
2021-11-05 11:02:30,313 - CPUUtilization.Percent:0.0|#Level:Host|#hostname:gserver,timestamp:1636081350
2021-11-05 11:02:30,314 - DiskAvailable.Gigabytes:174.86691665649414|#Level:Host|#hostname:gserver,timestamp:1636081350
2021-11-05 11:02:30,314 - DiskUsage.Gigabytes:142.85882568359375|#Level:Host|#hostname:gserver,timestamp:1636081350
2021-11-05 11:02:30,315 - DiskUtilization.Percent:45.0|#Level:Host|#hostname:gserver,timestamp:1636081350
2021-11-05 11:02:30,315 - MemoryAvailable.Megabytes:240522.61328125|#Level:Host|#hostname:gserver,timestamp:1636081350
2021-11-05 11:02:30,315 - MemoryUsed.Megabytes:15519.42578125|#Level:Host|#hostname:gserver,timestamp:1636081350
2021-11-05 11:02:30,316 - MemoryUtilization.Percent:6.7|#Level:Host|#hostname:gserver,timestamp:1636081350
2021-11-05 11:02:43,281 - W-9001-en2sql_1.0.ms:13598|#Level:Host|#hostname:gserver,timestamp:1636081363
2021-11-05 11:02:43,282 - WorkerThreadTime.ms:24|#Level:Host|#hostname:gserver,timestamp:null
2021-11-05 11:02:43,305 - Requests5XX.Count:1|#Level:Host|#hostname:gserver,timestamp:null
2021-11-05 11:02:43,305 - WorkerThreadTime.ms:16|#Level:Host|#hostname:gserver,timestamp:null
2021-11-05 11:02:43,326 - W-9012-en2sql_1.0.ms:13639|#Level:Host|#hostname:gserver,timestamp:1636081363
2021-11-05 11:02:43,326 - WorkerThreadTime.ms:32|#Level:Host|#hostname:gserver,timestamp:null
2021-11-05 11:02:43,548 - W-9011-en2sql_1.0.ms:13862|#Level:Host|#hostname:gserver,timestamp:1636081363
2021-11-05 11:02:43,548 - WorkerThreadTime.ms:20|#Level:Host|#hostname:gserver,timestamp:null
2021-11-05 11:02:43,728 - W-9002-en2sql_1.0.ms:14044|#Level:Host|#hostname:gserver,timestamp:1636081363
2021-11-05 11:02:43,728 - W-9014-en2sql_1.0.ms:14041|#Level:Host|#hostname:gserver,timestamp:1636081363
2021-11-05 11:02:43,728 - WorkerThreadTime.ms:23|#Level:Host|#hostname:gserver,timestamp:null
2021-11-05 11:02:43,729 - WorkerThreadTime.ms:26|#Level:Host|#hostname:gserver,timestamp:null
2021-11-05 11:02:43,939 - W-9013-en2sql_1.0.ms:14252|#Level:Host|#hostname:gserver,timestamp:1636081363
2021-11-05 11:02:43,939 - WorkerThreadTime.ms:25|#Level:Host|#hostname:gserver,timestamp:null
2021-11-05 11:02:43,953 - W-9008-en2sql_1.0.ms:14268|#Level:Host|#hostname:gserver,timestamp:1636081363
2021-11-05 11:02:43,953 - WorkerThreadTime.ms:29|#Level:Host|#hostname:gserver,timestamp:null
2021-11-05 11:02:44,003 - W-9004-en2sql_1.0.ms:14319|#Level:Host|#hostname:gserver,timestamp:1636081364
2021-11-05 11:02:44,003 - WorkerThreadTime.ms:20|#Level:Host|#hostname:gserver,timestamp:null
2021-11-05 11:02:44,091 - W-9003-en2sql_1.0.ms:14407|#Level:Host|#hostname:gserver,timestamp:1636081364
2021-11-05 11:02:44,091 - WorkerThreadTime.ms:21|#Level:Host|#hostname:gserver,timestamp:null
2021-11-05 11:02:44,141 - W-9005-en2sql_1.0.ms:14457|#Level:Host|#hostname:gserver,timestamp:1636081364
2021-11-05 11:02:44,141 - WorkerThreadTime.ms:24|#Level:Host|#hostname:gserver,timestamp:null
2021-11-05 11:02:44,221 - W-9007-en2sql_1.0.ms:14536|#Level:Host|#hostname:gserver,timestamp:1636081364
2021-11-05 11:02:44,221 - WorkerThreadTime.ms:30|#Level:Host|#hostname:gserver,timestamp:null
2021-11-05 11:02:44,378 - W-9015-en2sql_1.0.ms:14691|#Level:Host|#hostname:gserver,timestamp:1636081364
2021-11-05 11:02:44,378 - WorkerThreadTime.ms:28|#Level:Host|#hostname:gserver,timestamp:null
2021-11-05 11:02:44,515 - W-9000-en2sql_1.0.ms:14834|#Level:Host|#hostname:gserver,timestamp:1636081364
2021-11-05 11:02:44,515 - WorkerThreadTime.ms:29|#Level:Host|#hostname:gserver,timestamp:null
2021-11-05 11:02:44,552 - W-9009-en2sql_1.0.ms:14866|#Level:Host|#hostname:gserver,timestamp:1636081364
2021-11-05 11:02:44,552 - WorkerThreadTime.ms:41|#Level:Host|#hostname:gserver,timestamp:null
2021-11-05 11:02:44,709 - W-9006-en2sql_1.0.ms:15024|#Level:Host|#hostname:gserver,timestamp:1636081364
2021-11-05 11:02:44,709 - WorkerThreadTime.ms:23|#Level:Host|#hostname:gserver,timestamp:null
2021-11-05 11:02:44,715 - W-9010-en2sql_1.0.ms:15029|#Level:Host|#hostname:gserver,timestamp:1636081364
2021-11-05 11:02:44,715 - WorkerThreadTime.ms:26|#Level:Host|#hostname:gserver,timestamp:null
2021-11-05 11:04:51,132 - CPUUtilization.Percent:0.0|#Level:Host|#hostname:gserver,timestamp:1636081491
2021-11-05 11:04:51,133 - DiskAvailable.Gigabytes:174.86690139770508|#Level:Host|#hostname:gserver,timestamp:1636081491
2021-11-05 11:04:51,133 - DiskUsage.Gigabytes:142.8588409423828|#Level:Host|#hostname:gserver,timestamp:1636081491
2021-11-05 11:04:51,134 - DiskUtilization.Percent:45.0|#Level:Host|#hostname:gserver,timestamp:1636081491
2021-11-05 11:04:51,134 - MemoryAvailable.Megabytes:240409.390625|#Level:Host|#hostname:gserver,timestamp:1636081491
2021-11-05 11:04:51,134 - MemoryUsed.Megabytes:15633.1328125|#Level:Host|#hostname:gserver,timestamp:1636081491
2021-11-05 11:04:51,135 - MemoryUtilization.Percent:6.8|#Level:Host|#hostname:gserver,timestamp:1636081491
2021-11-05 11:05:02,362 - W-9013-en2sql_1.0.ms:11927|#Level:Host|#hostname:gserver,timestamp:1636081502
2021-11-05 11:05:02,363 - WorkerThreadTime.ms:22|#Level:Host|#hostname:gserver,timestamp:null
2021-11-05 11:05:02,784 - W-9010-en2sql_1.0.ms:12350|#Level:Host|#hostname:gserver,timestamp:1636081502
2021-11-05 11:05:02,784 - WorkerThreadTime.ms:24|#Level:Host|#hostname:gserver,timestamp:null
2021-11-05 11:05:03,016 - W-9012-en2sql_1.0.ms:12582|#Level:Host|#hostname:gserver,timestamp:1636081503
2021-11-05 11:05:03,016 - WorkerThreadTime.ms:40|#Level:Host|#hostname:gserver,timestamp:null
2021-11-05 11:05:03,333 - W-9003-en2sql_1.0.ms:12902|#Level:Host|#hostname:gserver,timestamp:1636081503
2021-11-05 11:05:03,333 - WorkerThreadTime.ms:22|#Level:Host|#hostname:gserver,timestamp:null
2021-11-05 11:05:03,651 - W-9008-en2sql_1.0.ms:13218|#Level:Host|#hostname:gserver,timestamp:1636081503
2021-11-05 11:05:03,651 - WorkerThreadTime.ms:27|#Level:Host|#hostname:gserver,timestamp:null
2021-11-05 11:05:04,044 - W-9006-en2sql_1.0.ms:13612|#Level:Host|#hostname:gserver,timestamp:1636081504
2021-11-05 11:05:04,044 - WorkerThreadTime.ms:26|#Level:Host|#hostname:gserver,timestamp:null
2021-11-05 11:05:04,048 - W-9015-en2sql_1.0.ms:13612|#Level:Host|#hostname:gserver,timestamp:1636081504
2021-11-05 11:05:04,048 - WorkerThreadTime.ms:40|#Level:Host|#hostname:gserver,timestamp:null
2021-11-05 11:05:04,440 - W-9009-en2sql_1.0.ms:14007|#Level:Host|#hostname:gserver,timestamp:1636081504
2021-11-05 11:05:04,440 - WorkerThreadTime.ms:25|#Level:Host|#hostname:gserver,timestamp:null
2021-11-05 11:05:05,199 - W-9011-en2sql_1.0.ms:14765|#Level:Host|#hostname:gserver,timestamp:1636081505
2021-11-05 11:05:05,199 - WorkerThreadTime.ms:30|#Level:Host|#hostname:gserver,timestamp:null
2021-11-05 11:05:05,239 - W-9002-en2sql_1.0.ms:14808|#Level:Host|#hostname:gserver,timestamp:1636081505
2021-11-05 11:05:05,239 - WorkerThreadTime.ms:23|#Level:Host|#hostname:gserver,timestamp:null
2021-11-05 11:05:05,412 - W-9005-en2sql_1.0.ms:14980|#Level:Host|#hostname:gserver,timestamp:1636081505
2021-11-05 11:05:05,412 - WorkerThreadTime.ms:46|#Level:Host|#hostname:gserver,timestamp:null
2021-11-05 11:05:05,414 - W-9001-en2sql_1.0.ms:14983|#Level:Host|#hostname:gserver,timestamp:1636081505
2021-11-05 11:05:05,414 - WorkerThreadTime.ms:30|#Level:Host|#hostname:gserver,timestamp:null
2021-11-05 11:05:05,516 - W-9007-en2sql_1.0.ms:15083|#Level:Host|#hostname:gserver,timestamp:1636081505
2021-11-05 11:05:05,516 - WorkerThreadTime.ms:26|#Level:Host|#hostname:gserver,timestamp:null
2021-11-05 11:05:05,563 - W-9004-en2sql_1.0.ms:15131|#Level:Host|#hostname:gserver,timestamp:1636081505
2021-11-05 11:05:05,564 - WorkerThreadTime.ms:25|#Level:Host|#hostname:gserver,timestamp:null
2021-11-05 11:05:05,570 - W-9000-en2sql_1.0.ms:15141|#Level:Host|#hostname:gserver,timestamp:1636081505
2021-11-05 11:05:05,571 - WorkerThreadTime.ms:21|#Level:Host|#hostname:gserver,timestamp:null
2021-11-05 11:05:05,596 - W-9014-en2sql_1.0.ms:15161|#Level:Host|#hostname:gserver,timestamp:1636081505
2021-11-05 11:05:05,596 - WorkerThreadTime.ms:25|#Level:Host|#hostname:gserver,timestamp:null
2021-11-05 11:05:11,729 - Requests2XX.Count:1|#Level:Host|#hostname:gserver,timestamp:null
2021-11-05 11:05:11,729 - QueueTime.ms:0|#Level:Host|#hostname:gserver,timestamp:null
2021-11-05 11:05:11,729 - WorkerThreadTime.ms:4|#Level:Host|#hostname:gserver,timestamp:null
2021-11-08 15:39:56,186 - CPUUtilization.Percent:0.0|#Level:Host|#hostname:gserver,timestamp:1636357196
2021-11-08 15:39:56,187 - DiskAvailable.Gigabytes:174.84246826171875|#Level:Host|#hostname:gserver,timestamp:1636357196
2021-11-08 15:39:56,187 - DiskUsage.Gigabytes:142.88327407836914|#Level:Host|#hostname:gserver,timestamp:1636357196
2021-11-08 15:39:56,188 - DiskUtilization.Percent:45.0|#Level:Host|#hostname:gserver,timestamp:1636357196
2021-11-08 15:39:56,188 - MemoryAvailable.Megabytes:240059.34765625|#Level:Host|#hostname:gserver,timestamp:1636357196
2021-11-08 15:39:56,188 - MemoryUsed.Megabytes:15983.33203125|#Level:Host|#hostname:gserver,timestamp:1636357196
2021-11-08 15:39:56,189 - MemoryUtilization.Percent:6.9|#Level:Host|#hostname:gserver,timestamp:1636357196
2021-11-08 15:40:02,312 - Requests4XX.Count:1|#Level:Host|#hostname:gserver,timestamp:null
2021-11-08 15:40:06,301 - W-9014-en2sql_1.0.ms:10715|#Level:Host|#hostname:gserver,timestamp:1636357206
2021-11-08 15:40:06,301 - WorkerThreadTime.ms:22|#Level:Host|#hostname:gserver,timestamp:null
2021-11-08 15:40:06,419 - Requests4XX.Count:1|#Level:Host|#hostname:gserver,timestamp:null
2021-11-08 15:40:06,542 - W-9015-en2sql_1.0.ms:10955|#Level:Host|#hostname:gserver,timestamp:1636357206
2021-11-08 15:40:06,543 - WorkerThreadTime.ms:28|#Level:Host|#hostname:gserver,timestamp:null
2021-11-08 15:40:06,952 - W-9013-en2sql_1.0.ms:11366|#Level:Host|#hostname:gserver,timestamp:1636357206
2021-11-08 15:40:06,952 - WorkerThreadTime.ms:27|#Level:Host|#hostname:gserver,timestamp:null
2021-11-08 15:40:07,415 - W-9009-en2sql_1.0.ms:11831|#Level:Host|#hostname:gserver,timestamp:1636357207
2021-11-08 15:40:07,415 - WorkerThreadTime.ms:36|#Level:Host|#hostname:gserver,timestamp:null
2021-11-08 15:40:07,652 - W-9001-en2sql_1.0.ms:12070|#Level:Host|#hostname:gserver,timestamp:1636357207
2021-11-08 15:40:07,652 - WorkerThreadTime.ms:23|#Level:Host|#hostname:gserver,timestamp:null
2021-11-08 15:40:07,832 - W-9004-en2sql_1.0.ms:12250|#Level:Host|#hostname:gserver,timestamp:1636357207
2021-11-08 15:40:07,832 - WorkerThreadTime.ms:25|#Level:Host|#hostname:gserver,timestamp:null
2021-11-08 15:40:08,267 - W-9012-en2sql_1.0.ms:12682|#Level:Host|#hostname:gserver,timestamp:1636357208
2021-11-08 15:40:08,267 - WorkerThreadTime.ms:24|#Level:Host|#hostname:gserver,timestamp:null
2021-11-08 15:40:09,950 - Requests4XX.Count:1|#Level:Host|#hostname:gserver,timestamp:null
2021-11-08 15:40:10,388 - W-9006-en2sql_1.0.ms:14805|#Level:Host|#hostname:gserver,timestamp:1636357210
2021-11-08 15:40:10,388 - WorkerThreadTime.ms:49|#Level:Host|#hostname:gserver,timestamp:null
2021-11-08 15:40:10,645 - W-9008-en2sql_1.0.ms:15061|#Level:Host|#hostname:gserver,timestamp:1636357210
2021-11-08 15:40:10,645 - WorkerThreadTime.ms:23|#Level:Host|#hostname:gserver,timestamp:null
2021-11-08 15:40:11,064 - W-9003-en2sql_1.0.ms:15482|#Level:Host|#hostname:gserver,timestamp:1636357211
2021-11-08 15:40:11,064 - WorkerThreadTime.ms:49|#Level:Host|#hostname:gserver,timestamp:null
2021-11-08 15:40:11,094 - W-9002-en2sql_1.0.ms:15512|#Level:Host|#hostname:gserver,timestamp:1636357211
2021-11-08 15:40:11,094 - WorkerThreadTime.ms:21|#Level:Host|#hostname:gserver,timestamp:null
2021-11-08 15:40:11,158 - W-9005-en2sql_1.0.ms:15575|#Level:Host|#hostname:gserver,timestamp:1636357211
2021-11-08 15:40:11,158 - WorkerThreadTime.ms:22|#Level:Host|#hostname:gserver,timestamp:null
2021-11-08 15:40:11,185 - W-9000-en2sql_1.0.ms:15606|#Level:Host|#hostname:gserver,timestamp:1636357211
2021-11-08 15:40:11,185 - WorkerThreadTime.ms:23|#Level:Host|#hostname:gserver,timestamp:null
2021-11-08 15:40:11,220 - W-9010-en2sql_1.0.ms:15636|#Level:Host|#hostname:gserver,timestamp:1636357211
2021-11-08 15:40:11,220 - WorkerThreadTime.ms:23|#Level:Host|#hostname:gserver,timestamp:null
2021-11-08 15:40:11,243 - W-9007-en2sql_1.0.ms:15660|#Level:Host|#hostname:gserver,timestamp:1636357211
2021-11-08 15:40:11,243 - WorkerThreadTime.ms:25|#Level:Host|#hostname:gserver,timestamp:null
2021-11-08 15:40:11,356 - W-9011-en2sql_1.0.ms:15771|#Level:Host|#hostname:gserver,timestamp:1636357211
2021-11-08 15:40:11,357 - WorkerThreadTime.ms:25|#Level:Host|#hostname:gserver,timestamp:null
2021-11-08 15:40:56,147 - CPUUtilization.Percent:0.0|#Level:Host|#hostname:gserver,timestamp:1636357256
2021-11-08 15:40:56,147 - DiskAvailable.Gigabytes:174.8422508239746|#Level:Host|#hostname:gserver,timestamp:1636357256
2021-11-08 15:40:56,147 - DiskUsage.Gigabytes:142.88349151611328|#Level:Host|#hostname:gserver,timestamp:1636357256
2021-11-08 15:40:56,147 - DiskUtilization.Percent:45.0|#Level:Host|#hostname:gserver,timestamp:1636357256
2021-11-08 15:40:56,148 - MemoryAvailable.Megabytes:216971.43359375|#Level:Host|#hostname:gserver,timestamp:1636357256
2021-11-08 15:40:56,148 - MemoryUsed.Megabytes:39068.33984375|#Level:Host|#hostname:gserver,timestamp:1636357256
2021-11-08 15:40:56,148 - MemoryUtilization.Percent:15.9|#Level:Host|#hostname:gserver,timestamp:1636357256
